<?xml version="1.0" encoding="UTF-8"?>
<testng-results ignored="0" total="0" passed="0" failed="0" skipped="0">
  <reporter-output>
  </reporter-output>
  <suite started-at="2020-10-30T00:44:26 CET" name="Surefire suite" finished-at="2020-10-30T00:44:55 CET" duration-ms="28386">
    <groups>
    </groups>
    <test started-at="2020-10-30T00:44:26 CET" name="Surefire test" finished-at="2020-10-30T00:44:55 CET" duration-ms="28386">
    </test> <!-- Surefire test -->
  </suite> <!-- Surefire suite -->
</testng-results>
