-------------------------------------------------------------------------------
Test set: Verifyig the foundation year
-------------------------------------------------------------------------------
Tests run: 1, Failures: 1, Errors: 0, Skipped: 0, Time elapsed: 21.104 s <<< FAILURE! - in Verifyig the foundation year
The foundation year should see be same(Verifyig the foundation year)  Time elapsed: 21.104 s  <<< FAILURE!
org.junit.ComparisonFailure: Verifing the displayed experice years are same expected:<1[7]> but was:<1[5]>

